C51 COMPILER V9.60.7.0   MAIN                                                              11/30/2024 19:59:56 PAGE 1   


C51 COMPILER V9.60.7.0, COMPILATION OF MODULE MAIN
OBJECT MODULE PLACED IN .\Objects\main.obj
COMPILER INVOKED BY: C:\Keil_v5\C51\BIN\C51.EXE main.c OPTIMIZE(8,SPEED) BROWSE DEBUG OBJECTEXTEND PRINT(.\Listings\main
                    -.lst) TABS(2) OBJECT(.\Objects\main.obj)

line level    source

   1          #include <REGX52.H>
   2          #include <Intrins.h>
   3          #include "delay.h"
   4          #include "Nixie.h"
   5          
   6          void main()
   7          {
   8   1        while(1)
   9   1        {
  10   2            Nixie(1,1);
  11   2            Nixie(2,2);
  12   2            Nixie(3,3);
  13   2            Nixie(4,4);
  14   2            Nixie(5,5);
  15   2            Nixie(6,6);
  16   2        }
  17   1      }


MODULE INFORMATION:   STATIC OVERLAYABLE
   CODE SIZE        =     56    ----
   CONSTANT SIZE    =   ----    ----
   XDATA SIZE       =   ----    ----
   PDATA SIZE       =   ----    ----
   DATA SIZE        =   ----    ----
   IDATA SIZE       =   ----    ----
   BIT SIZE         =   ----    ----
END OF MODULE INFORMATION.


C51 COMPILATION COMPLETE.  0 WARNING(S),  0 ERROR(S)
